     1                                  ; alive2.asm
     2                                  extern printf
     3                                  
     4                                  section .data
     5 00000000 48656C6C6F2C20576F-         msg1    db  "Hello, World!",10,0        ; string with NL and null terminator
     5 00000009 726C64210A00       
     6 0000000F 416C69766520616E64-         msg2    db  "Alive and Kicking!",10,0   ; string with NL and 0
     6 00000018 204B69636B696E6721-
     6 00000021 0A00               
     7 00000023 6501000000000000            radius  dq  357                         ; no string, not displayable?
     8 0000002B 1F85EB51B81E0940            pi      dq  3.14                        ; no string, not displayable?
     9 00000033 25730A00                    fmtstr  db  "%s",10,0                   ; format for printing a string
    10 00000037 256C660A00                  fmtflt  db  "%lf",10,0                  ; format for a float
    11 0000003C 25640A00                    fmtint  db  "%d",10,0                   ; format for an integer
    12                                  section .bss
    13                                  section .text
    14                                      global main
    15                                  main:
    16 00000000 55                          push    rbp
    17 00000001 4889E5                      mov     rbp, rsp
    18                                  ; print msg1
    19 00000004 B800000000                  mov     rax, 0          ; no floating point
    20 00000009 48BF-                       mov     rdi, fmtstr 
    20 0000000B [3300000000000000] 
    21 00000013 48BE-                       mov     rsi, msg1
    21 00000015 [0000000000000000] 
    22 0000001D E8(00000000)                call    printf
    23                                  ; print msg1
    24 00000022 B800000000                  mov     rax, 0          ; no floating point
    25 00000027 48BF-                       mov     rdi, fmtstr 
    25 00000029 [3300000000000000] 
    26 00000031 48BE-                       mov     rsi, msg2
    26 00000033 [0F00000000000000] 
    27 0000003B E8(00000000)                call    printf
    28                                  ; print radius
    29 00000040 B800000000                  mov     rax, 0          ; no floating point
    30 00000045 48BF-                       mov     rdi, fmtint 
    30 00000047 [3C00000000000000] 
    31 0000004F 48BE-                       mov     rsi, radius
    31 00000051 [2300000000000000] 
    32 00000059 E8(00000000)                call    printf
    33                                  ; print pi
    34 0000005E B801000000                  mov     rax, 1          ; 1 xmm register used
    35 00000063 F30F7E0425-                 movq    xmm0, [pi]
    35 00000068 [2B000000]         
    36 0000006C 48BF-                       mov     rdi, fmtflt
    36 0000006E [3700000000000000] 
    37 00000076 E8(00000000)                call    printf
    38                                  
    39 0000007B 4889EC                      mov     rsp, rbp
    40 0000007E 5D                          pop     rbp
    41 0000007F C3                      ret
